<?xml version="1.0" encoding="UTF-8"?>
<!-- Generated by org.testng.reporters.JUnitXMLReporter -->
<testsuite ignored="0" hostname="LAPTOP-CQ5F5C01" failures="0" tests="3" name="Default test" time="81.311" errors="0" timestamp="2023-12-22T20:20:41 IST">
  <testcase classname="testPages.TestCreateAccountPage" name="testCreateAccount_Homepage" time="16.685"/>
  <testcase classname="testPages.TestCreateAccountPage" name="testCreateAccount_Homepage" time="15.707"/>
  <testcase classname="testPages.TestCreateAccountPage" name="testCreateAccount_Homepage" time="16.117"/>
</testsuite> <!-- Default test -->
