<?xml version="1.0" encoding="UTF-8"?>
<!-- Generated by org.testng.reporters.JUnitXMLReporter -->
<testsuite ignored="0" hostname="LAPTOP-CQ5F5C01" failures="1" tests="2" name="Test" time="22.045" errors="0" timestamp="2023-12-19T20:42:19 IST">
  <testcase classname="testPages.TestLoginPage" name="testLogin" time="5.201">
    <failure type="java.lang.AssertionError" message="null">
      <![CDATA[java.lang.AssertionError: null
at testPages.TestLoginPage.testLogin(TestLoginPage.java:42)
at java.base/java.util.ArrayList.forEach(ArrayList.java:1511)
... Removed 29 stack frames]]>
    </failure>
  </testcase> <!-- testLogin -->
  <testcase classname="testPages.TestLoginPage" name="testCustomerLoginText" time="1.304"/>
</testsuite> <!-- Test -->
