<?xml version="1.0" encoding="UTF-8"?>
<!-- Generated by org.testng.reporters.JUnitXMLReporter -->
<testsuite ignored="0" hostname="LAPTOP-CQ5F5C01" failures="1" tests="2" name="V4" time="26.501" errors="0" timestamp="2023-12-11T20:10:54 IST">
  <testcase classname="testPages.TestLoginPage" name="testCustomerLoginText" time="1.238"/>
  <testcase classname="testPages.TestLoginPage" name="testLogin" time="9.029">
    <failure type="java.lang.AssertionError" message="null">
      <![CDATA[java.lang.AssertionError: null
at testPages.TestLoginPage.testLogin(TestLoginPage.java:42)
at java.base/java.util.ArrayList.forEach(ArrayList.java:1511)
... Removed 29 stack frames]]>
    </failure>
  </testcase> <!-- testLogin -->
</testsuite> <!-- V4 -->
